<?xml version="1.0" encoding="UTF-8" ?>
<testsuite tests="1" failures="0" name="apple.littletest.TestJdbc" time="5.167" errors="0" skipped="0">
  <properties>
    <property name="idea.version" value="2017.2.7"/>
    <property name="java.runtime.name" value="Java(TM) SE Runtime Environment"/>
    <property name="sun.boot.library.path" value="E:\Program Files\Java\jdk1.8.0_181\jre\bin"/>
    <property name="java.vm.version" value="25.181-b13"/>
    <property name="java.vm.vendor" value="Oracle Corporation"/>
    <property name="java.vendor.url" value="http://java.oracle.com/"/>
    <property name="path.separator" value=";"/>
    <property name="java.vm.name" value="Java HotSpot(TM) 64-Bit Server VM"/>
    <property name="file.encoding.pkg" value="sun.io"/>
    <property name="user.script" value=""/>
    <property name="user.country" value="CN"/>
    <property name="sun.java.launcher" value="SUN_STANDARD"/>
    <property name="sun.os.patch.level" value=""/>
    <property name="java.vm.specification.name" value="Java Virtual Machine Specification"/>
    <property name="user.dir" value="F:\Myjob\learnjunit"/>
    <property name="java.runtime.version" value="1.8.0_181-b13"/>
    <property name="java.awt.graphicsenv" value="sun.awt.Win32GraphicsEnvironment"/>
    <property name="basedir" value="F:\Myjob\learnjunit"/>
    <property name="java.endorsed.dirs" value="E:\Program Files\Java\jdk1.8.0_181\jre\lib\endorsed"/>
    <property name="os.arch" value="amd64"/>
    <property name="surefire.real.class.path" value="F:\Myjob\learnjunit\target\surefire\surefirebooter7665768438967870059.jar;F:\\maven_repository\\org\\jacoco\\org.jacoco.agent\\0.8.5\\org.jacoco.agent-0.8.5-runtime.jar"/>
    <property name="java.io.tmpdir" value="C:\Users\ADMINI~1.SC-\AppData\Local\Temp\"/>
    <property name="line.separator" value="
"/>
    <property name="java.vm.specification.vendor" value="Oracle Corporation"/>
    <property name="user.variant" value=""/>
    <property name="os.name" value="Windows 10"/>
    <property name="sun.jnu.encoding" value="GBK"/>
    <property name="java.library.path" value="E:\Program Files\Java\jdk1.8.0_181\jre\bin;C:\Windows\Sun\Java\bin;C:\Windows\system32;C:\Windows;E:\Program Files (x86)\NetSarang\Xftp 6\;E:\Program Files (x86)\NetSarang\Xshell 6\;C:\Program Files (x86)\Common Files\Oracle\Java\javapath;C:\Windows\system32;C:\Windows;C:\Windows\System32\Wbem;C:\Windows\System32\WindowsPowerShell\v1.0\;C:\Program Files\IDM Computer Solutions\UltraEdit;E:\Program Files\Java\jdk1.8.0_181\bin;.;E:\Program Files\Java\jdk1.8.0_181\lib;E:\Program Files\Java\jdk1.8.0_181\lib\tools.jar;E:\apache-jmeter-5.1.1\lib\ext\ApacheJMeter_core.jar;E:\apache-jmeter-5.1.1\lib\jorphan.jar;E:\apache-jmeter-5.1.1\lib/logkit-2.0.jar; ;E:\apache-maven-3.5.2\bin;e:\Program Files\Git\cmd;E:\Program Files\nodejs;E:\Program Files\nodejs\node_global;E:\Program Files\Git\cmd;C:\Program Files\MySQL\MySQL Server 5.7\bin;;C:\Users\Administrator.SC-201908091511\AppData\Local\Programs\Microsoft VS Code\bin;."/>
    <property name="surefire.test.class.path" value="F:\Myjob\learnjunit\target\test-classes;F:\Myjob\learnjunit\target\classes;F:\maven_repository\org\hamcrest\hamcrest-core\2.1\hamcrest-core-2.1.jar;F:\maven_repository\org\hamcrest\hamcrest\2.1\hamcrest-2.1.jar;F:\maven_repository\org\hamcrest\hamcrest-library\2.1\hamcrest-library-2.1.jar;F:\maven_repository\org\mockito\mockito-core\3.0.0\mockito-core-3.0.0.jar;F:\maven_repository\net\bytebuddy\byte-buddy\1.9.10\byte-buddy-1.9.10.jar;F:\maven_repository\net\bytebuddy\byte-buddy-agent\1.9.10\byte-buddy-agent-1.9.10.jar;F:\maven_repository\org\objenesis\objenesis\2.6\objenesis-2.6.jar;F:\maven_repository\org\seleniumhq\selenium\selenium-java\3.141.59\selenium-java-3.141.59.jar;F:\maven_repository\org\seleniumhq\selenium\selenium-api\3.141.59\selenium-api-3.141.59.jar;F:\maven_repository\org\seleniumhq\selenium\selenium-chrome-driver\3.141.59\selenium-chrome-driver-3.141.59.jar;F:\maven_repository\org\seleniumhq\selenium\selenium-edge-driver\3.141.59\selenium-edge-driver-3.141.59.jar;F:\maven_repository\org\seleniumhq\selenium\selenium-ie-driver\3.141.59\selenium-ie-driver-3.141.59.jar;F:\maven_repository\org\seleniumhq\selenium\selenium-opera-driver\3.141.59\selenium-opera-driver-3.141.59.jar;F:\maven_repository\org\seleniumhq\selenium\selenium-remote-driver\3.141.59\selenium-remote-driver-3.141.59.jar;F:\maven_repository\org\seleniumhq\selenium\selenium-safari-driver\3.141.59\selenium-safari-driver-3.141.59.jar;F:\maven_repository\org\seleniumhq\selenium\selenium-support\3.141.59\selenium-support-3.141.59.jar;F:\maven_repository\org\apache\commons\commons-exec\1.3\commons-exec-1.3.jar;F:\maven_repository\com\google\guava\guava\25.0-jre\guava-25.0-jre.jar;F:\maven_repository\com\google\code\findbugs\jsr305\1.3.9\jsr305-1.3.9.jar;F:\maven_repository\org\checkerframework\checker-compat-qual\2.0.0\checker-compat-qual-2.0.0.jar;F:\maven_repository\com\google\errorprone\error_prone_annotations\2.1.3\error_prone_annotations-2.1.3.jar;F:\maven_repository\com\google\j2objc\j2objc-annotations\1.1\j2objc-annotations-1.1.jar;F:\maven_repository\org\codehaus\mojo\animal-sniffer-annotations\1.14\animal-sniffer-annotations-1.14.jar;F:\maven_repository\com\squareup\okhttp3\okhttp\3.11.0\okhttp-3.11.0.jar;F:\maven_repository\com\squareup\okio\okio\1.14.0\okio-1.14.0.jar;F:\maven_repository\org\seleniumhq\selenium\selenium-firefox-driver\3.141.59\selenium-firefox-driver-3.141.59.jar;F:\maven_repository\io\appium\java-client\7.2.0\java-client-7.2.0.jar;F:\maven_repository\com\google\code\gson\gson\2.8.5\gson-2.8.5.jar;F:\maven_repository\org\apache\httpcomponents\httpclient\4.5.9\httpclient-4.5.9.jar;F:\maven_repository\org\apache\httpcomponents\httpcore\4.4.11\httpcore-4.4.11.jar;F:\maven_repository\commons-logging\commons-logging\1.2\commons-logging-1.2.jar;F:\maven_repository\cglib\cglib\3.2.12\cglib-3.2.12.jar;F:\maven_repository\org\ow2\asm\asm\7.1\asm-7.1.jar;F:\maven_repository\commons-validator\commons-validator\1.6\commons-validator-1.6.jar;F:\maven_repository\commons-beanutils\commons-beanutils\1.9.2\commons-beanutils-1.9.2.jar;F:\maven_repository\commons-digester\commons-digester\1.8.1\commons-digester-1.8.1.jar;F:\maven_repository\commons-collections\commons-collections\3.2.2\commons-collections-3.2.2.jar;F:\maven_repository\org\apache\commons\commons-lang3\3.9\commons-lang3-3.9.jar;F:\maven_repository\commons-io\commons-io\2.6\commons-io-2.6.jar;F:\maven_repository\org\springframework\spring-context\5.1.8.RELEASE\spring-context-5.1.8.RELEASE.jar;F:\maven_repository\org\springframework\spring-aop\5.1.8.RELEASE\spring-aop-5.1.8.RELEASE.jar;F:\maven_repository\org\springframework\spring-beans\5.1.8.RELEASE\spring-beans-5.1.8.RELEASE.jar;F:\maven_repository\org\springframework\spring-core\5.1.8.RELEASE\spring-core-5.1.8.RELEASE.jar;F:\maven_repository\org\springframework\spring-jcl\5.1.8.RELEASE\spring-jcl-5.1.8.RELEASE.jar;F:\maven_repository\org\springframework\spring-expression\5.1.8.RELEASE\spring-expression-5.1.8.RELEASE.jar;F:\maven_repository\org\aspectj\aspectjweaver\1.9.4\aspectjweaver-1.9.4.jar;F:\maven_repository\org\slf4j\slf4j-api\1.7.26\slf4j-api-1.7.26.jar;F:\maven_repository\io\rest-assured\rest-assured\4.3.1\rest-assured-4.3.1.jar;F:\maven_repository\org\codehaus\groovy\groovy\3.0.3\groovy-3.0.3.jar;F:\maven_repository\org\codehaus\groovy\groovy-xml\3.0.3\groovy-xml-3.0.3.jar;F:\maven_repository\org\apache\httpcomponents\httpmime\4.5.3\httpmime-4.5.3.jar;F:\maven_repository\org\ccil\cowan\tagsoup\tagsoup\1.2.1\tagsoup-1.2.1.jar;F:\maven_repository\io\rest-assured\json-path\4.3.1\json-path-4.3.1.jar;F:\maven_repository\org\codehaus\groovy\groovy-json\3.0.3\groovy-json-3.0.3.jar;F:\maven_repository\io\rest-assured\rest-assured-common\4.3.1\rest-assured-common-4.3.1.jar;F:\maven_repository\io\rest-assured\xml-path\4.3.1\xml-path-4.3.1.jar;F:\maven_repository\jakarta\xml\bind\jakarta.xml.bind-api\2.3.3\jakarta.xml.bind-api-2.3.3.jar;F:\maven_repository\jakarta\activation\jakarta.activation-api\1.2.2\jakarta.activation-api-1.2.2.jar;F:\maven_repository\com\sun\xml\bind\jaxb-impl\2.3.3\jaxb-impl-2.3.3.jar;F:\maven_repository\org\junit\platform\junit-platform-launcher\1.5.2\junit-platform-launcher-1.5.2.jar;F:\maven_repository\org\apiguardian\apiguardian-api\1.1.0\apiguardian-api-1.1.0.jar;F:\maven_repository\org\junit\platform\junit-platform-engine\1.5.2\junit-platform-engine-1.5.2.jar;F:\maven_repository\org\junit\jupiter\junit-jupiter-engine\5.5.2\junit-jupiter-engine-5.5.2.jar;F:\maven_repository\org\junit\jupiter\junit-jupiter-params\5.5.2\junit-jupiter-params-5.5.2.jar;F:\maven_repository\com\github\spullara\mustache\java\compiler\0.9.6\compiler-0.9.6.jar;F:\maven_repository\org\apache\poi\poi-ooxml\4.0.0\poi-ooxml-4.0.0.jar;F:\maven_repository\org\apache\poi\poi-ooxml-schemas\4.0.0\poi-ooxml-schemas-4.0.0.jar;F:\maven_repository\org\apache\xmlbeans\xmlbeans\3.0.1\xmlbeans-3.0.1.jar;F:\maven_repository\org\apache\commons\commons-compress\1.18\commons-compress-1.18.jar;F:\maven_repository\com\github\virtuald\curvesapi\1.04\curvesapi-1.04.jar;F:\maven_repository\com\alibaba\fastjson\1.2.60\fastjson-1.2.60.jar;F:\maven_repository\org\junit\jupiter\junit-jupiter-api\5.5.2\junit-jupiter-api-5.5.2.jar;F:\maven_repository\org\opentest4j\opentest4j\1.2.0\opentest4j-1.2.0.jar;F:\maven_repository\org\junit\platform\junit-platform-commons\1.5.2\junit-platform-commons-1.5.2.jar;F:\maven_repository\org\apache\poi\poi\4.0.0\poi-4.0.0.jar;F:\maven_repository\commons-codec\commons-codec\1.10\commons-codec-1.10.jar;F:\maven_repository\org\apache\commons\commons-collections4\4.2\commons-collections4-4.2.jar;F:\maven_repository\log4j\log4j\1.2.17\log4j-1.2.17.jar;F:\maven_repository\dom4j\dom4j\1.6.1\dom4j-1.6.1.jar;F:\maven_repository\xml-apis\xml-apis\1.0.b2\xml-apis-1.0.b2.jar;F:\maven_repository\mysql\mysql-connector-java\5.1.38\mysql-connector-java-5.1.38.jar;F:\maven_repository\org\projectlombok\lombok\1.18.10\lombok-1.18.10.jar;"/>
    <property name="java.specification.name" value="Java Platform API Specification"/>
    <property name="java.class.version" value="52.0"/>
    <property name="sun.management.compiler" value="HotSpot 64-Bit Tiered Compilers"/>
    <property name="maven.repo.local" value="F:\maven_repository"/>
    <property name="os.version" value="10.0"/>
    <property name="user.home" value="C:\Users\Administrator.SC-201908091511"/>
    <property name="user.timezone" value="Asia/Shanghai"/>
    <property name="java.awt.printerjob" value="sun.awt.windows.WPrinterJob"/>
    <property name="java.specification.version" value="1.8"/>
    <property name="file.encoding" value="GBK"/>
    <property name="user.name" value="Administrator"/>
    <property name="java.class.path" value="F:\Myjob\learnjunit\target\test-classes;F:\Myjob\learnjunit\target\classes;F:\maven_repository\org\hamcrest\hamcrest-core\2.1\hamcrest-core-2.1.jar;F:\maven_repository\org\hamcrest\hamcrest\2.1\hamcrest-2.1.jar;F:\maven_repository\org\hamcrest\hamcrest-library\2.1\hamcrest-library-2.1.jar;F:\maven_repository\org\mockito\mockito-core\3.0.0\mockito-core-3.0.0.jar;F:\maven_repository\net\bytebuddy\byte-buddy\1.9.10\byte-buddy-1.9.10.jar;F:\maven_repository\net\bytebuddy\byte-buddy-agent\1.9.10\byte-buddy-agent-1.9.10.jar;F:\maven_repository\org\objenesis\objenesis\2.6\objenesis-2.6.jar;F:\maven_repository\org\seleniumhq\selenium\selenium-java\3.141.59\selenium-java-3.141.59.jar;F:\maven_repository\org\seleniumhq\selenium\selenium-api\3.141.59\selenium-api-3.141.59.jar;F:\maven_repository\org\seleniumhq\selenium\selenium-chrome-driver\3.141.59\selenium-chrome-driver-3.141.59.jar;F:\maven_repository\org\seleniumhq\selenium\selenium-edge-driver\3.141.59\selenium-edge-driver-3.141.59.jar;F:\maven_repository\org\seleniumhq\selenium\selenium-ie-driver\3.141.59\selenium-ie-driver-3.141.59.jar;F:\maven_repository\org\seleniumhq\selenium\selenium-opera-driver\3.141.59\selenium-opera-driver-3.141.59.jar;F:\maven_repository\org\seleniumhq\selenium\selenium-remote-driver\3.141.59\selenium-remote-driver-3.141.59.jar;F:\maven_repository\org\seleniumhq\selenium\selenium-safari-driver\3.141.59\selenium-safari-driver-3.141.59.jar;F:\maven_repository\org\seleniumhq\selenium\selenium-support\3.141.59\selenium-support-3.141.59.jar;F:\maven_repository\org\apache\commons\commons-exec\1.3\commons-exec-1.3.jar;F:\maven_repository\com\google\guava\guava\25.0-jre\guava-25.0-jre.jar;F:\maven_repository\com\google\code\findbugs\jsr305\1.3.9\jsr305-1.3.9.jar;F:\maven_repository\org\checkerframework\checker-compat-qual\2.0.0\checker-compat-qual-2.0.0.jar;F:\maven_repository\com\google\errorprone\error_prone_annotations\2.1.3\error_prone_annotations-2.1.3.jar;F:\maven_repository\com\google\j2objc\j2objc-annotations\1.1\j2objc-annotations-1.1.jar;F:\maven_repository\org\codehaus\mojo\animal-sniffer-annotations\1.14\animal-sniffer-annotations-1.14.jar;F:\maven_repository\com\squareup\okhttp3\okhttp\3.11.0\okhttp-3.11.0.jar;F:\maven_repository\com\squareup\okio\okio\1.14.0\okio-1.14.0.jar;F:\maven_repository\org\seleniumhq\selenium\selenium-firefox-driver\3.141.59\selenium-firefox-driver-3.141.59.jar;F:\maven_repository\io\appium\java-client\7.2.0\java-client-7.2.0.jar;F:\maven_repository\com\google\code\gson\gson\2.8.5\gson-2.8.5.jar;F:\maven_repository\org\apache\httpcomponents\httpclient\4.5.9\httpclient-4.5.9.jar;F:\maven_repository\org\apache\httpcomponents\httpcore\4.4.11\httpcore-4.4.11.jar;F:\maven_repository\commons-logging\commons-logging\1.2\commons-logging-1.2.jar;F:\maven_repository\cglib\cglib\3.2.12\cglib-3.2.12.jar;F:\maven_repository\org\ow2\asm\asm\7.1\asm-7.1.jar;F:\maven_repository\commons-validator\commons-validator\1.6\commons-validator-1.6.jar;F:\maven_repository\commons-beanutils\commons-beanutils\1.9.2\commons-beanutils-1.9.2.jar;F:\maven_repository\commons-digester\commons-digester\1.8.1\commons-digester-1.8.1.jar;F:\maven_repository\commons-collections\commons-collections\3.2.2\commons-collections-3.2.2.jar;F:\maven_repository\org\apache\commons\commons-lang3\3.9\commons-lang3-3.9.jar;F:\maven_repository\commons-io\commons-io\2.6\commons-io-2.6.jar;F:\maven_repository\org\springframework\spring-context\5.1.8.RELEASE\spring-context-5.1.8.RELEASE.jar;F:\maven_repository\org\springframework\spring-aop\5.1.8.RELEASE\spring-aop-5.1.8.RELEASE.jar;F:\maven_repository\org\springframework\spring-beans\5.1.8.RELEASE\spring-beans-5.1.8.RELEASE.jar;F:\maven_repository\org\springframework\spring-core\5.1.8.RELEASE\spring-core-5.1.8.RELEASE.jar;F:\maven_repository\org\springframework\spring-jcl\5.1.8.RELEASE\spring-jcl-5.1.8.RELEASE.jar;F:\maven_repository\org\springframework\spring-expression\5.1.8.RELEASE\spring-expression-5.1.8.RELEASE.jar;F:\maven_repository\org\aspectj\aspectjweaver\1.9.4\aspectjweaver-1.9.4.jar;F:\maven_repository\org\slf4j\slf4j-api\1.7.26\slf4j-api-1.7.26.jar;F:\maven_repository\io\rest-assured\rest-assured\4.3.1\rest-assured-4.3.1.jar;F:\maven_repository\org\codehaus\groovy\groovy\3.0.3\groovy-3.0.3.jar;F:\maven_repository\org\codehaus\groovy\groovy-xml\3.0.3\groovy-xml-3.0.3.jar;F:\maven_repository\org\apache\httpcomponents\httpmime\4.5.3\httpmime-4.5.3.jar;F:\maven_repository\org\ccil\cowan\tagsoup\tagsoup\1.2.1\tagsoup-1.2.1.jar;F:\maven_repository\io\rest-assured\json-path\4.3.1\json-path-4.3.1.jar;F:\maven_repository\org\codehaus\groovy\groovy-json\3.0.3\groovy-json-3.0.3.jar;F:\maven_repository\io\rest-assured\rest-assured-common\4.3.1\rest-assured-common-4.3.1.jar;F:\maven_repository\io\rest-assured\xml-path\4.3.1\xml-path-4.3.1.jar;F:\maven_repository\jakarta\xml\bind\jakarta.xml.bind-api\2.3.3\jakarta.xml.bind-api-2.3.3.jar;F:\maven_repository\jakarta\activation\jakarta.activation-api\1.2.2\jakarta.activation-api-1.2.2.jar;F:\maven_repository\com\sun\xml\bind\jaxb-impl\2.3.3\jaxb-impl-2.3.3.jar;F:\maven_repository\org\junit\platform\junit-platform-launcher\1.5.2\junit-platform-launcher-1.5.2.jar;F:\maven_repository\org\apiguardian\apiguardian-api\1.1.0\apiguardian-api-1.1.0.jar;F:\maven_repository\org\junit\platform\junit-platform-engine\1.5.2\junit-platform-engine-1.5.2.jar;F:\maven_repository\org\junit\jupiter\junit-jupiter-engine\5.5.2\junit-jupiter-engine-5.5.2.jar;F:\maven_repository\org\junit\jupiter\junit-jupiter-params\5.5.2\junit-jupiter-params-5.5.2.jar;F:\maven_repository\com\github\spullara\mustache\java\compiler\0.9.6\compiler-0.9.6.jar;F:\maven_repository\org\apache\poi\poi-ooxml\4.0.0\poi-ooxml-4.0.0.jar;F:\maven_repository\org\apache\poi\poi-ooxml-schemas\4.0.0\poi-ooxml-schemas-4.0.0.jar;F:\maven_repository\org\apache\xmlbeans\xmlbeans\3.0.1\xmlbeans-3.0.1.jar;F:\maven_repository\org\apache\commons\commons-compress\1.18\commons-compress-1.18.jar;F:\maven_repository\com\github\virtuald\curvesapi\1.04\curvesapi-1.04.jar;F:\maven_repository\com\alibaba\fastjson\1.2.60\fastjson-1.2.60.jar;F:\maven_repository\org\junit\jupiter\junit-jupiter-api\5.5.2\junit-jupiter-api-5.5.2.jar;F:\maven_repository\org\opentest4j\opentest4j\1.2.0\opentest4j-1.2.0.jar;F:\maven_repository\org\junit\platform\junit-platform-commons\1.5.2\junit-platform-commons-1.5.2.jar;F:\maven_repository\org\apache\poi\poi\4.0.0\poi-4.0.0.jar;F:\maven_repository\commons-codec\commons-codec\1.10\commons-codec-1.10.jar;F:\maven_repository\org\apache\commons\commons-collections4\4.2\commons-collections4-4.2.jar;F:\maven_repository\log4j\log4j\1.2.17\log4j-1.2.17.jar;F:\maven_repository\dom4j\dom4j\1.6.1\dom4j-1.6.1.jar;F:\maven_repository\xml-apis\xml-apis\1.0.b2\xml-apis-1.0.b2.jar;F:\maven_repository\mysql\mysql-connector-java\5.1.38\mysql-connector-java-5.1.38.jar;F:\maven_repository\org\projectlombok\lombok\1.18.10\lombok-1.18.10.jar;"/>
    <property name="java.vm.specification.version" value="1.8"/>
    <property name="sun.arch.data.model" value="64"/>
    <property name="java.home" value="E:\Program Files\Java\jdk1.8.0_181\jre"/>
    <property name="sun.java.command" value="F:\Myjob\learnjunit\target\surefire\surefirebooter7665768438967870059.jar F:\Myjob\learnjunit\target\surefire\surefire2022804880556392412tmp F:\Myjob\learnjunit\target\surefire\surefire7475508279313359432tmp"/>
    <property name="java.specification.vendor" value="Oracle Corporation"/>
    <property name="user.language" value="zh"/>
    <property name="awt.toolkit" value="sun.awt.windows.WToolkit"/>
    <property name="java.vm.info" value="mixed mode"/>
    <property name="java.version" value="1.8.0_181"/>
    <property name="java.ext.dirs" value="E:\Program Files\Java\jdk1.8.0_181\jre\lib\ext;C:\Windows\Sun\Java\lib\ext"/>
    <property name="sun.boot.class.path" value="E:\Program Files\Java\jdk1.8.0_181\jre\lib\resources.jar;E:\Program Files\Java\jdk1.8.0_181\jre\lib\rt.jar;E:\Program Files\Java\jdk1.8.0_181\jre\lib\sunrsasign.jar;E:\Program Files\Java\jdk1.8.0_181\jre\lib\jsse.jar;E:\Program Files\Java\jdk1.8.0_181\jre\lib\jce.jar;E:\Program Files\Java\jdk1.8.0_181\jre\lib\charsets.jar;E:\Program Files\Java\jdk1.8.0_181\jre\lib\jfr.jar;E:\Program Files\Java\jdk1.8.0_181\jre\classes"/>
    <property name="java.vendor" value="Oracle Corporation"/>
    <property name="localRepository" value="F:\maven_repository"/>
    <property name="file.separator" value="\"/>
    <property name="java.vendor.url.bug" value="http://bugreport.sun.com/bugreport/"/>
    <property name="sun.cpu.endian" value="little"/>
    <property name="sun.io.unicode.encoding" value="UnicodeLittle"/>
    <property name="sun.desktop" value="windows"/>
    <property name="sun.cpu.isalist" value="amd64"/>
  </properties>
  <testcase classname="apple.littletest.TestJdbc" name="apple.littletest.TestJdbc.testutils" time="5.163"/>
</testsuite>