<?xml version="1.0" encoding="UTF-8" ?>
<testsuite tests="4" failures="1" name="TestSuite" time="4.007" errors="0" skipped="0">
  <properties>
    <property name="java.runtime.name" value="Java(TM) SE Runtime Environment"/>
    <property name="sun.boot.library.path" value="E:\Program Files\Java\jdk1.8.0_181\jre\bin"/>
    <property name="java.vm.version" value="25.181-b13"/>
    <property name="java.vm.vendor" value="Oracle Corporation"/>
    <property name="java.vendor.url" value="http://java.oracle.com/"/>
    <property name="path.separator" value=";"/>
    <property name="java.vm.name" value="Java HotSpot(TM) 64-Bit Server VM"/>
    <property name="file.encoding.pkg" value="sun.io"/>
    <property name="user.script" value=""/>
    <property name="user.country" value="CN"/>
    <property name="sun.java.launcher" value="SUN_STANDARD"/>
    <property name="sun.os.patch.level" value=""/>
    <property name="java.vm.specification.name" value="Java Virtual Machine Specification"/>
    <property name="user.dir" value="F:\Myjob\serviceauto"/>
    <property name="java.runtime.version" value="1.8.0_181-b13"/>
    <property name="java.awt.graphicsenv" value="sun.awt.Win32GraphicsEnvironment"/>
    <property name="basedir" value="F:\Myjob\serviceauto"/>
    <property name="java.endorsed.dirs" value="E:\Program Files\Java\jdk1.8.0_181\jre\lib\endorsed"/>
    <property name="os.arch" value="amd64"/>
    <property name="surefire.real.class.path" value="F:\Myjob\serviceauto\target\surefire\surefirebooter3266858785767802035.jar;F:\\maven_repository\\org\\jacoco\\org.jacoco.agent\\0.8.5\\org.jacoco.agent-0.8.5-runtime.jar"/>
    <property name="java.io.tmpdir" value="C:\Users\ADMINI~1.SC-\AppData\Local\Temp\"/>
    <property name="line.separator" value="
"/>
    <property name="java.vm.specification.vendor" value="Oracle Corporation"/>
    <property name="user.variant" value=""/>
    <property name="os.name" value="Windows 10"/>
    <property name="sun.jnu.encoding" value="GBK"/>
    <property name="java.library.path" value="E:\Program Files\Java\jdk1.8.0_181\jre\bin;C:\Windows\Sun\Java\bin;C:\Windows\system32;C:\Windows;E:\Program Files (x86)\NetSarang\Xftp 6\;E:\Program Files (x86)\NetSarang\Xshell 6\;C:\Program Files (x86)\Common Files\Oracle\Java\javapath;C:\Windows\system32;C:\Windows;C:\Windows\System32\Wbem;C:\Windows\System32\WindowsPowerShell\v1.0\;C:\Program Files\IDM Computer Solutions\UltraEdit;E:\Program Files\Java\jdk1.8.0_181\bin;.;E:\Program Files\Java\jdk1.8.0_181\lib;E:\Program Files\Java\jdk1.8.0_181\lib\tools.jar;E:\apache-jmeter-5.1.1\lib\ext\ApacheJMeter_core.jar;E:\apache-jmeter-5.1.1\lib\jorphan.jar;E:\apache-jmeter-5.1.1\lib/logkit-2.0.jar; ;E:\apache-maven-3.5.2\bin;e:\Program Files\Git\cmd;E:\Program Files\nodejs;E:\Program Files\nodejs\node_global;E:\Program Files\Git\cmd;C:\Program Files\MySQL\MySQL Server 5.7\bin;;C:\Users\Administrator.SC-201908091511\AppData\Local\Programs\Microsoft VS Code\bin;."/>
    <property name="surefire.test.class.path" value="F:\Myjob\serviceauto\target\test-classes;F:\Myjob\serviceauto\target\classes;F:\maven_repository\org\hamcrest\hamcrest-core\2.1\hamcrest-core-2.1.jar;F:\maven_repository\org\hamcrest\hamcrest\2.1\hamcrest-2.1.jar;F:\maven_repository\org\hamcrest\hamcrest-library\2.1\hamcrest-library-2.1.jar;F:\maven_repository\org\mockito\mockito-core\3.0.0\mockito-core-3.0.0.jar;F:\maven_repository\net\bytebuddy\byte-buddy\1.9.10\byte-buddy-1.9.10.jar;F:\maven_repository\net\bytebuddy\byte-buddy-agent\1.9.10\byte-buddy-agent-1.9.10.jar;F:\maven_repository\org\objenesis\objenesis\2.6\objenesis-2.6.jar;F:\maven_repository\org\seleniumhq\selenium\selenium-java\3.141.59\selenium-java-3.141.59.jar;F:\maven_repository\org\seleniumhq\selenium\selenium-api\3.141.59\selenium-api-3.141.59.jar;F:\maven_repository\org\seleniumhq\selenium\selenium-chrome-driver\3.141.59\selenium-chrome-driver-3.141.59.jar;F:\maven_repository\org\seleniumhq\selenium\selenium-edge-driver\3.141.59\selenium-edge-driver-3.141.59.jar;F:\maven_repository\org\seleniumhq\selenium\selenium-ie-driver\3.141.59\selenium-ie-driver-3.141.59.jar;F:\maven_repository\org\seleniumhq\selenium\selenium-opera-driver\3.141.59\selenium-opera-driver-3.141.59.jar;F:\maven_repository\org\seleniumhq\selenium\selenium-remote-driver\3.141.59\selenium-remote-driver-3.141.59.jar;F:\maven_repository\org\seleniumhq\selenium\selenium-safari-driver\3.141.59\selenium-safari-driver-3.141.59.jar;F:\maven_repository\org\seleniumhq\selenium\selenium-support\3.141.59\selenium-support-3.141.59.jar;F:\maven_repository\org\apache\commons\commons-exec\1.3\commons-exec-1.3.jar;F:\maven_repository\com\google\guava\guava\25.0-jre\guava-25.0-jre.jar;F:\maven_repository\com\google\code\findbugs\jsr305\1.3.9\jsr305-1.3.9.jar;F:\maven_repository\org\checkerframework\checker-compat-qual\2.0.0\checker-compat-qual-2.0.0.jar;F:\maven_repository\com\google\errorprone\error_prone_annotations\2.1.3\error_prone_annotations-2.1.3.jar;F:\maven_repository\com\google\j2objc\j2objc-annotations\1.1\j2objc-annotations-1.1.jar;F:\maven_repository\org\codehaus\mojo\animal-sniffer-annotations\1.14\animal-sniffer-annotations-1.14.jar;F:\maven_repository\com\squareup\okhttp3\okhttp\3.11.0\okhttp-3.11.0.jar;F:\maven_repository\com\squareup\okio\okio\1.14.0\okio-1.14.0.jar;F:\maven_repository\org\seleniumhq\selenium\selenium-firefox-driver\3.141.59\selenium-firefox-driver-3.141.59.jar;F:\maven_repository\io\appium\java-client\7.2.0\java-client-7.2.0.jar;F:\maven_repository\com\google\code\gson\gson\2.8.5\gson-2.8.5.jar;F:\maven_repository\org\apache\httpcomponents\httpclient\4.5.9\httpclient-4.5.9.jar;F:\maven_repository\org\apache\httpcomponents\httpcore\4.4.11\httpcore-4.4.11.jar;F:\maven_repository\commons-logging\commons-logging\1.2\commons-logging-1.2.jar;F:\maven_repository\cglib\cglib\3.2.12\cglib-3.2.12.jar;F:\maven_repository\org\ow2\asm\asm\7.1\asm-7.1.jar;F:\maven_repository\commons-validator\commons-validator\1.6\commons-validator-1.6.jar;F:\maven_repository\commons-beanutils\commons-beanutils\1.9.2\commons-beanutils-1.9.2.jar;F:\maven_repository\commons-digester\commons-digester\1.8.1\commons-digester-1.8.1.jar;F:\maven_repository\commons-collections\commons-collections\3.2.2\commons-collections-3.2.2.jar;F:\maven_repository\org\apache\commons\commons-lang3\3.9\commons-lang3-3.9.jar;F:\maven_repository\commons-io\commons-io\2.6\commons-io-2.6.jar;F:\maven_repository\org\springframework\spring-context\5.1.8.RELEASE\spring-context-5.1.8.RELEASE.jar;F:\maven_repository\org\springframework\spring-aop\5.1.8.RELEASE\spring-aop-5.1.8.RELEASE.jar;F:\maven_repository\org\springframework\spring-beans\5.1.8.RELEASE\spring-beans-5.1.8.RELEASE.jar;F:\maven_repository\org\springframework\spring-core\5.1.8.RELEASE\spring-core-5.1.8.RELEASE.jar;F:\maven_repository\org\springframework\spring-jcl\5.1.8.RELEASE\spring-jcl-5.1.8.RELEASE.jar;F:\maven_repository\org\springframework\spring-expression\5.1.8.RELEASE\spring-expression-5.1.8.RELEASE.jar;F:\maven_repository\org\aspectj\aspectjweaver\1.9.4\aspectjweaver-1.9.4.jar;F:\maven_repository\org\slf4j\slf4j-api\1.7.26\slf4j-api-1.7.26.jar;F:\maven_repository\org\junit\platform\junit-platform-launcher\1.5.2\junit-platform-launcher-1.5.2.jar;F:\maven_repository\org\apiguardian\apiguardian-api\1.1.0\apiguardian-api-1.1.0.jar;F:\maven_repository\org\junit\platform\junit-platform-engine\1.5.2\junit-platform-engine-1.5.2.jar;F:\maven_repository\org\opentest4j\opentest4j\1.2.0\opentest4j-1.2.0.jar;F:\maven_repository\org\junit\platform\junit-platform-commons\1.5.2\junit-platform-commons-1.5.2.jar;F:\maven_repository\org\junit\jupiter\junit-jupiter-engine\5.5.2\junit-jupiter-engine-5.5.2.jar;F:\maven_repository\org\junit\jupiter\junit-jupiter-api\5.5.2\junit-jupiter-api-5.5.2.jar;F:\maven_repository\org\junit\jupiter\junit-jupiter-params\5.5.2\junit-jupiter-params-5.5.2.jar;F:\maven_repository\com\github\spullara\mustache\java\compiler\0.9.6\compiler-0.9.6.jar;F:\maven_repository\org\apache\poi\poi-ooxml\4.0.0\poi-ooxml-4.0.0.jar;F:\maven_repository\org\apache\poi\poi-ooxml-schemas\4.0.0\poi-ooxml-schemas-4.0.0.jar;F:\maven_repository\org\apache\xmlbeans\xmlbeans\3.0.1\xmlbeans-3.0.1.jar;F:\maven_repository\org\apache\commons\commons-compress\1.18\commons-compress-1.18.jar;F:\maven_repository\com\github\virtuald\curvesapi\1.04\curvesapi-1.04.jar;F:\maven_repository\com\alibaba\fastjson\1.2.60\fastjson-1.2.60.jar;F:\maven_repository\org\apache\poi\poi\4.0.0\poi-4.0.0.jar;F:\maven_repository\commons-codec\commons-codec\1.10\commons-codec-1.10.jar;F:\maven_repository\org\apache\commons\commons-collections4\4.2\commons-collections4-4.2.jar;F:\maven_repository\log4j\log4j\1.2.17\log4j-1.2.17.jar;F:\maven_repository\dom4j\dom4j\1.6.1\dom4j-1.6.1.jar;F:\maven_repository\xml-apis\xml-apis\1.0.b2\xml-apis-1.0.b2.jar;F:\maven_repository\mysql\mysql-connector-java\5.1.38\mysql-connector-java-5.1.38.jar;F:\maven_repository\org\projectlombok\lombok\1.18.10\lombok-1.18.10.jar;F:\maven_repository\org\testng\testng\6.8.8\testng-6.8.8.jar;F:\maven_repository\org\beanshell\bsh\2.0b4\bsh-2.0b4.jar;F:\maven_repository\com\beust\jcommander\1.27\jcommander-1.27.jar;F:\maven_repository\org\slf4j\slf4j-log4j12\1.7.21\slf4j-log4j12-1.7.21.jar;"/>
    <property name="java.specification.name" value="Java Platform API Specification"/>
    <property name="java.class.version" value="52.0"/>
    <property name="sun.management.compiler" value="HotSpot 64-Bit Tiered Compilers"/>
    <property name="os.version" value="10.0"/>
    <property name="user.home" value="C:\Users\Administrator.SC-201908091511"/>
    <property name="user.timezone" value="Asia/Shanghai"/>
    <property name="java.awt.printerjob" value="sun.awt.windows.WPrinterJob"/>
    <property name="java.specification.version" value="1.8"/>
    <property name="file.encoding" value="GBK"/>
    <property name="user.name" value="Administrator"/>
    <property name="java.class.path" value="F:\Myjob\serviceauto\target\test-classes;F:\Myjob\serviceauto\target\classes;F:\maven_repository\org\hamcrest\hamcrest-core\2.1\hamcrest-core-2.1.jar;F:\maven_repository\org\hamcrest\hamcrest\2.1\hamcrest-2.1.jar;F:\maven_repository\org\hamcrest\hamcrest-library\2.1\hamcrest-library-2.1.jar;F:\maven_repository\org\mockito\mockito-core\3.0.0\mockito-core-3.0.0.jar;F:\maven_repository\net\bytebuddy\byte-buddy\1.9.10\byte-buddy-1.9.10.jar;F:\maven_repository\net\bytebuddy\byte-buddy-agent\1.9.10\byte-buddy-agent-1.9.10.jar;F:\maven_repository\org\objenesis\objenesis\2.6\objenesis-2.6.jar;F:\maven_repository\org\seleniumhq\selenium\selenium-java\3.141.59\selenium-java-3.141.59.jar;F:\maven_repository\org\seleniumhq\selenium\selenium-api\3.141.59\selenium-api-3.141.59.jar;F:\maven_repository\org\seleniumhq\selenium\selenium-chrome-driver\3.141.59\selenium-chrome-driver-3.141.59.jar;F:\maven_repository\org\seleniumhq\selenium\selenium-edge-driver\3.141.59\selenium-edge-driver-3.141.59.jar;F:\maven_repository\org\seleniumhq\selenium\selenium-ie-driver\3.141.59\selenium-ie-driver-3.141.59.jar;F:\maven_repository\org\seleniumhq\selenium\selenium-opera-driver\3.141.59\selenium-opera-driver-3.141.59.jar;F:\maven_repository\org\seleniumhq\selenium\selenium-remote-driver\3.141.59\selenium-remote-driver-3.141.59.jar;F:\maven_repository\org\seleniumhq\selenium\selenium-safari-driver\3.141.59\selenium-safari-driver-3.141.59.jar;F:\maven_repository\org\seleniumhq\selenium\selenium-support\3.141.59\selenium-support-3.141.59.jar;F:\maven_repository\org\apache\commons\commons-exec\1.3\commons-exec-1.3.jar;F:\maven_repository\com\google\guava\guava\25.0-jre\guava-25.0-jre.jar;F:\maven_repository\com\google\code\findbugs\jsr305\1.3.9\jsr305-1.3.9.jar;F:\maven_repository\org\checkerframework\checker-compat-qual\2.0.0\checker-compat-qual-2.0.0.jar;F:\maven_repository\com\google\errorprone\error_prone_annotations\2.1.3\error_prone_annotations-2.1.3.jar;F:\maven_repository\com\google\j2objc\j2objc-annotations\1.1\j2objc-annotations-1.1.jar;F:\maven_repository\org\codehaus\mojo\animal-sniffer-annotations\1.14\animal-sniffer-annotations-1.14.jar;F:\maven_repository\com\squareup\okhttp3\okhttp\3.11.0\okhttp-3.11.0.jar;F:\maven_repository\com\squareup\okio\okio\1.14.0\okio-1.14.0.jar;F:\maven_repository\org\seleniumhq\selenium\selenium-firefox-driver\3.141.59\selenium-firefox-driver-3.141.59.jar;F:\maven_repository\io\appium\java-client\7.2.0\java-client-7.2.0.jar;F:\maven_repository\com\google\code\gson\gson\2.8.5\gson-2.8.5.jar;F:\maven_repository\org\apache\httpcomponents\httpclient\4.5.9\httpclient-4.5.9.jar;F:\maven_repository\org\apache\httpcomponents\httpcore\4.4.11\httpcore-4.4.11.jar;F:\maven_repository\commons-logging\commons-logging\1.2\commons-logging-1.2.jar;F:\maven_repository\cglib\cglib\3.2.12\cglib-3.2.12.jar;F:\maven_repository\org\ow2\asm\asm\7.1\asm-7.1.jar;F:\maven_repository\commons-validator\commons-validator\1.6\commons-validator-1.6.jar;F:\maven_repository\commons-beanutils\commons-beanutils\1.9.2\commons-beanutils-1.9.2.jar;F:\maven_repository\commons-digester\commons-digester\1.8.1\commons-digester-1.8.1.jar;F:\maven_repository\commons-collections\commons-collections\3.2.2\commons-collections-3.2.2.jar;F:\maven_repository\org\apache\commons\commons-lang3\3.9\commons-lang3-3.9.jar;F:\maven_repository\commons-io\commons-io\2.6\commons-io-2.6.jar;F:\maven_repository\org\springframework\spring-context\5.1.8.RELEASE\spring-context-5.1.8.RELEASE.jar;F:\maven_repository\org\springframework\spring-aop\5.1.8.RELEASE\spring-aop-5.1.8.RELEASE.jar;F:\maven_repository\org\springframework\spring-beans\5.1.8.RELEASE\spring-beans-5.1.8.RELEASE.jar;F:\maven_repository\org\springframework\spring-core\5.1.8.RELEASE\spring-core-5.1.8.RELEASE.jar;F:\maven_repository\org\springframework\spring-jcl\5.1.8.RELEASE\spring-jcl-5.1.8.RELEASE.jar;F:\maven_repository\org\springframework\spring-expression\5.1.8.RELEASE\spring-expression-5.1.8.RELEASE.jar;F:\maven_repository\org\aspectj\aspectjweaver\1.9.4\aspectjweaver-1.9.4.jar;F:\maven_repository\org\slf4j\slf4j-api\1.7.26\slf4j-api-1.7.26.jar;F:\maven_repository\org\junit\platform\junit-platform-launcher\1.5.2\junit-platform-launcher-1.5.2.jar;F:\maven_repository\org\apiguardian\apiguardian-api\1.1.0\apiguardian-api-1.1.0.jar;F:\maven_repository\org\junit\platform\junit-platform-engine\1.5.2\junit-platform-engine-1.5.2.jar;F:\maven_repository\org\opentest4j\opentest4j\1.2.0\opentest4j-1.2.0.jar;F:\maven_repository\org\junit\platform\junit-platform-commons\1.5.2\junit-platform-commons-1.5.2.jar;F:\maven_repository\org\junit\jupiter\junit-jupiter-engine\5.5.2\junit-jupiter-engine-5.5.2.jar;F:\maven_repository\org\junit\jupiter\junit-jupiter-api\5.5.2\junit-jupiter-api-5.5.2.jar;F:\maven_repository\org\junit\jupiter\junit-jupiter-params\5.5.2\junit-jupiter-params-5.5.2.jar;F:\maven_repository\com\github\spullara\mustache\java\compiler\0.9.6\compiler-0.9.6.jar;F:\maven_repository\org\apache\poi\poi-ooxml\4.0.0\poi-ooxml-4.0.0.jar;F:\maven_repository\org\apache\poi\poi-ooxml-schemas\4.0.0\poi-ooxml-schemas-4.0.0.jar;F:\maven_repository\org\apache\xmlbeans\xmlbeans\3.0.1\xmlbeans-3.0.1.jar;F:\maven_repository\org\apache\commons\commons-compress\1.18\commons-compress-1.18.jar;F:\maven_repository\com\github\virtuald\curvesapi\1.04\curvesapi-1.04.jar;F:\maven_repository\com\alibaba\fastjson\1.2.60\fastjson-1.2.60.jar;F:\maven_repository\org\apache\poi\poi\4.0.0\poi-4.0.0.jar;F:\maven_repository\commons-codec\commons-codec\1.10\commons-codec-1.10.jar;F:\maven_repository\org\apache\commons\commons-collections4\4.2\commons-collections4-4.2.jar;F:\maven_repository\log4j\log4j\1.2.17\log4j-1.2.17.jar;F:\maven_repository\dom4j\dom4j\1.6.1\dom4j-1.6.1.jar;F:\maven_repository\xml-apis\xml-apis\1.0.b2\xml-apis-1.0.b2.jar;F:\maven_repository\mysql\mysql-connector-java\5.1.38\mysql-connector-java-5.1.38.jar;F:\maven_repository\org\projectlombok\lombok\1.18.10\lombok-1.18.10.jar;F:\maven_repository\org\testng\testng\6.8.8\testng-6.8.8.jar;F:\maven_repository\org\beanshell\bsh\2.0b4\bsh-2.0b4.jar;F:\maven_repository\com\beust\jcommander\1.27\jcommander-1.27.jar;F:\maven_repository\org\slf4j\slf4j-log4j12\1.7.21\slf4j-log4j12-1.7.21.jar;"/>
    <property name="java.vm.specification.version" value="1.8"/>
    <property name="sun.arch.data.model" value="64"/>
    <property name="java.home" value="E:\Program Files\Java\jdk1.8.0_181\jre"/>
    <property name="sun.java.command" value="F:\Myjob\serviceauto\target\surefire\surefirebooter3266858785767802035.jar F:\Myjob\serviceauto\target\surefire\surefire999694448782700799tmp F:\Myjob\serviceauto\target\surefire\surefire6942905037532736256tmp"/>
    <property name="java.specification.vendor" value="Oracle Corporation"/>
    <property name="user.language" value="zh"/>
    <property name="awt.toolkit" value="sun.awt.windows.WToolkit"/>
    <property name="java.vm.info" value="mixed mode"/>
    <property name="java.version" value="1.8.0_181"/>
    <property name="java.ext.dirs" value="E:\Program Files\Java\jdk1.8.0_181\jre\lib\ext;C:\Windows\Sun\Java\lib\ext"/>
    <property name="sun.boot.class.path" value="E:\Program Files\Java\jdk1.8.0_181\jre\lib\resources.jar;E:\Program Files\Java\jdk1.8.0_181\jre\lib\rt.jar;E:\Program Files\Java\jdk1.8.0_181\jre\lib\sunrsasign.jar;E:\Program Files\Java\jdk1.8.0_181\jre\lib\jsse.jar;E:\Program Files\Java\jdk1.8.0_181\jre\lib\jce.jar;E:\Program Files\Java\jdk1.8.0_181\jre\lib\charsets.jar;E:\Program Files\Java\jdk1.8.0_181\jre\lib\jfr.jar;E:\Program Files\Java\jdk1.8.0_181\jre\classes"/>
    <property name="java.vendor" value="Oracle Corporation"/>
    <property name="localRepository" value="F:\maven_repository"/>
    <property name="file.separator" value="\"/>
    <property name="java.vendor.url.bug" value="http://bugreport.sun.com/bugreport/"/>
    <property name="sun.cpu.endian" value="little"/>
    <property name="sun.io.unicode.encoding" value="UnicodeLittle"/>
    <property name="sun.desktop" value="windows"/>
    <property name="sun.cpu.isalist" value="amd64"/>
  </properties>
  <testcase classname="apple.utils.TestExcelUtils" name="testExcel" time="1.316">
    <failure type="java.lang.NullPointerException">java.lang.NullPointerException
	at apple.utils.ExcelUtils.getDatas(ExcelUtils.java:81)
	at apple.utils.TestExcelUtils.testExcel(TestExcelUtils.java:10)
</failure>
    <system-out>@HL
@HL-------------------------------------------------------
@HL T E S T S
@HL-------------------------------------------------------
@SLRunning TestSuite
@SLRunning TestSuite
</system-out>
    <system-err>java.lang.NullPointerException
	at apple.utils.ExcelUtils.getRowAndCellNumMap(ExcelUtils.java:35)
	at apple.utils.ExcelUtils.&lt;clinit&gt;(ExcelUtils.java:17)
	at apple.utils.TestExcelUtils.testExcel(TestExcelUtils.java:10)
	at sun.reflect.NativeMethodAccessorImpl.invoke0(Native Method)
	at sun.reflect.NativeMethodAccessorImpl.invoke(NativeMethodAccessorImpl.java:62)
	at sun.reflect.DelegatingMethodAccessorImpl.invoke(DelegatingMethodAccessorImpl.java:43)
	at java.lang.reflect.Method.invoke(Method.java:498)
	at org.testng.internal.MethodInvocationHelper.invokeMethod(MethodInvocationHelper.java:84)
	at org.testng.internal.Invoker.invokeMethod(Invoker.java:714)
	at org.testng.internal.Invoker.invokeTestMethod(Invoker.java:901)
	at org.testng.internal.Invoker.invokeTestMethods(Invoker.java:1231)
	at org.testng.internal.TestMethodWorker.invokeTestMethods(TestMethodWorker.java:127)
	at org.testng.internal.TestMethodWorker.run(TestMethodWorker.java:111)
	at org.testng.TestRunner.privateRun(TestRunner.java:767)
	at org.testng.TestRunner.run(TestRunner.java:617)
	at org.testng.SuiteRunner.runTest(SuiteRunner.java:348)
	at org.testng.SuiteRunner.runSequentially(SuiteRunner.java:343)
	at org.testng.SuiteRunner.privateRun(SuiteRunner.java:305)
	at org.testng.SuiteRunner.run(SuiteRunner.java:254)
	at org.testng.SuiteRunnerWorker.runSuite(SuiteRunnerWorker.java:52)
	at org.testng.SuiteRunnerWorker.run(SuiteRunnerWorker.java:86)
	at org.testng.TestNG.runSuitesSequentially(TestNG.java:1224)
	at org.testng.TestNG.runSuitesLocally(TestNG.java:1149)
	at org.testng.TestNG.run(TestNG.java:1057)
	at org.apache.maven.surefire.testng.TestNGExecutor.run(TestNGExecutor.java:61)
	at org.apache.maven.surefire.testng.TestNGDirectoryTestSuite.executeMulti(TestNGDirectoryTestSuite.java:163)
	at org.apache.maven.surefire.testng.TestNGDirectoryTestSuite.execute(TestNGDirectoryTestSuite.java:112)
	at org.apache.maven.surefire.testng.TestNGProvider.invoke(TestNGProvider.java:111)
	at sun.reflect.NativeMethodAccessorImpl.invoke0(Native Method)
	at sun.reflect.NativeMethodAccessorImpl.invoke(NativeMethodAccessorImpl.java:62)
	at sun.reflect.DelegatingMethodAccessorImpl.invoke(DelegatingMethodAccessorImpl.java:43)
	at java.lang.reflect.Method.invoke(Method.java:498)
	at org.apache.maven.surefire.booter.ProviderFactory$ClassLoaderProxy.invoke(ProviderFactory.java:103)
	at com.sun.proxy.$Proxy0.invoke(Unknown Source)
	at org.apache.maven.surefire.booter.SurefireStarter.invokeProvider(SurefireStarter.java:145)
	at org.apache.maven.surefire.booter.SurefireStarter.runSuitesInProcess(SurefireStarter.java:87)
	at org.apache.maven.surefire.booter.ForkedBooter.main(ForkedBooter.java:69)
</system-err>
  </testcase>
  <testcase classname="apple.utils.TestExcelUtils" name="testdatas" time="0"/>
  <testcase classname="com.services.TestServiceDemo" name="testSendGet" time="1.473"/>
  <testcase classname="com.services.TestServiceDemo" name="testSendPost" time="0.544"/>
</testsuite>