<?xml version="1.0" encoding="UTF-8"?>
<!-- Generated by org.testng.reporters.JUnitReportReporter -->
<testsuite hostname="SC-201908091511" name="com.services.TestServiceDemo" tests="2" failures="0" timestamp="6 Nov 2020 07:07:42 GMT" time="2.017" errors="0">
  <testcase name="testSendGet" time="1.473" classname="com.services.TestServiceDemo"/>
  <testcase name="testSendPost" time="0.544" classname="com.services.TestServiceDemo"/>
</testsuite> <!-- com.services.TestServiceDemo -->
